<?xml version="1.0" encoding="UTF-8"?>
<!-- Generated by org.testng.reporters.JUnitXMLReporter -->
<testsuite ignored="0" hostname="LTIN674508" failures="0" tests="3" name="Default test" time="18.042" errors="0" timestamp="2026-01-29T23:49:52 IST">
  <testcase classname="com.AutomationDemosite.tests.AlertTestng" name="testOkAlert" time="1.825"/>
  <testcase classname="com.AutomationDemosite.tests.AlertTestng" name="testConfirmAlert" time="0.593"/>
  <testcase classname="com.AutomationDemosite.tests.AlertTestng" name="testPromptAlert" time="0.666"/>
</testsuite> <!-- Default test -->
