<?xml version="1.0" encoding="UTF-8"?>
<!-- Generated by org.testng.reporters.JUnitXMLReporter -->
<testsuite ignored="0" hostname="LTIN674508" failures="0" tests="3" name="Default test" time="15.18" errors="0" timestamp="2026-01-30T11:57:30 IST">
  <testcase classname="com.AutomationDemosite.tests.AlertTestng" name="testOkAlert" time="1.65"/>
  <testcase classname="com.AutomationDemosite.tests.AlertTestng" name="testConfirmAlert" time="0.582"/>
  <testcase classname="com.AutomationDemosite.tests.AlertTestng" name="testPromptAlert" time="0.7"/>
</testsuite> <!-- Default test -->
