<?xml version="1.0" encoding="UTF-8"?>
<!-- Generated by org.testng.reporters.JUnitXMLReporter -->
<testsuite ignored="0" hostname="LTIN674508" failures="0" tests="3" name="Test" time="20.131" errors="0" timestamp="2026-01-12T11:09:02 IST">
  <testcase classname="com.AutomationDemosite.tests.AlertTestng" name="testOkAlert" time="3.39"/>
  <testcase classname="com.AutomationDemosite.tests.AlertTestng" name="testConfirmAlert" time="0.643"/>
  <testcase classname="com.AutomationDemosite.tests.AlertTestng" name="testPromptAlert" time="0.68"/>
</testsuite> <!-- Test -->
