<?xml version="1.0" encoding="UTF-8"?>
<testng-results ignored="0" total="3" passed="3" failed="0" skipped="0">
  <reporter-output>
  </reporter-output>
  <suite started-at="2026-01-29T23:49:34 IST" name="Default suite" finished-at="2026-01-29T23:49:52 IST" duration-ms="18042">
    <groups>
    </groups>
    <test started-at="2026-01-29T23:49:34 IST" name="Default test" finished-at="2026-01-29T23:49:52 IST" duration-ms="18042">
      <class name="com.AutomationDemosite.tests.AlertTestng">
        <test-method is-config="true" signature="setUpTest()[pri:0, instance:com.AutomationDemosite.tests.AlertTestng@2826f61]" started-at="2026-01-29T23:49:34 IST" name="setUpTest" finished-at="2026-01-29T23:49:45 IST" duration-ms="10821" status="PASS">
          <reporter-output>
          </reporter-output>
        </test-method> <!-- setUpTest -->
        <test-method signature="testOkAlert()[pri:1, instance:com.AutomationDemosite.tests.AlertTestng@2826f61]" started-at="2026-01-29T23:49:45 IST" name="testOkAlert" finished-at="2026-01-29T23:49:47 IST" duration-ms="1825" status="PASS">
          <reporter-output>
          </reporter-output>
        </test-method> <!-- testOkAlert -->
        <test-method signature="testConfirmAlert()[pri:2, instance:com.AutomationDemosite.tests.AlertTestng@2826f61]" started-at="2026-01-29T23:49:47 IST" name="testConfirmAlert" finished-at="2026-01-29T23:49:48 IST" duration-ms="593" status="PASS">
          <reporter-output>
          </reporter-output>
        </test-method> <!-- testConfirmAlert -->
        <test-method signature="testPromptAlert()[pri:3, instance:com.AutomationDemosite.tests.AlertTestng@2826f61]" started-at="2026-01-29T23:49:48 IST" name="testPromptAlert" finished-at="2026-01-29T23:49:48 IST" duration-ms="666" status="PASS">
          <reporter-output>
          </reporter-output>
        </test-method> <!-- testPromptAlert -->
        <test-method is-config="true" signature="tearDownTest()[pri:0, instance:com.AutomationDemosite.tests.AlertTestng@2826f61]" started-at="2026-01-29T23:49:48 IST" name="tearDownTest" finished-at="2026-01-29T23:49:52 IST" duration-ms="4036" status="PASS">
          <reporter-output>
          </reporter-output>
        </test-method> <!-- tearDownTest -->
      </class> <!-- com.AutomationDemosite.tests.AlertTestng -->
    </test> <!-- Default test -->
  </suite> <!-- Default suite -->
</testng-results>
