<?xml version="1.0" encoding="UTF-8"?>
<!-- Generated by org.testng.reporters.JUnitReportReporter -->
<testsuite hostname="LTIN674508" failures="0" tests="3" name="com.AutomationDemosite.tests.AlertTestng" time="3.084" errors="0" timestamp="2026-01-29T23:49:53 IST" skipped="0">
  <testcase classname="com.AutomationDemosite.tests.AlertTestng" name="testOkAlert" time="1.825"/>
  <system-out/>
  <testcase classname="com.AutomationDemosite.tests.AlertTestng" name="testConfirmAlert" time="0.593"/>
  <system-out/>
  <testcase classname="com.AutomationDemosite.tests.AlertTestng" name="testPromptAlert" time="0.666"/>
  <system-out/>
</testsuite> <!-- com.AutomationDemosite.tests.AlertTestng -->
