<?xml version="1.0" encoding="UTF-8"?>
<!-- Generated by org.testng.reporters.JUnitReportReporter -->
<testsuite hostname="LTIN674508" failures="0" tests="3" name="com.AutomationDemosite.tests.AlertTestng" time="2.932" errors="0" timestamp="2026-01-30T11:57:30 IST" skipped="0">
  <testcase classname="com.AutomationDemosite.tests.AlertTestng" name="testOkAlert" time="1.650"/>
  <system-out/>
  <testcase classname="com.AutomationDemosite.tests.AlertTestng" name="testConfirmAlert" time="0.582"/>
  <system-out/>
  <testcase classname="com.AutomationDemosite.tests.AlertTestng" name="testPromptAlert" time="0.700"/>
  <system-out/>
</testsuite> <!-- com.AutomationDemosite.tests.AlertTestng -->
